C:\Users\Car.Car-PC\source\repos\GestionPrestamosAspNetCore\GestionPrestamosAspNetCore\dist\out-tsc\src\app\usuario\usuario.interface.js
C:\Users\Car.Car-PC\source\repos\GestionPrestamosAspNetCore\GestionPrestamosAspNetCore\dist\out-tsc\src\app\usuario\usuario.interface.js.map
C:\Users\Car.Car-PC\source\repos\GestionPrestamosAspNetCore\GestionPrestamosAspNetCore\dist\out-tsc\src\app\usuario\usuario.service.js
C:\Users\Car.Car-PC\source\repos\GestionPrestamosAspNetCore\GestionPrestamosAspNetCore\dist\out-tsc\src\app\usuario\usuario.service.js.map
C:\Users\Car.Car-PC\source\repos\GestionPrestamosAspNetCore\GestionPrestamosAspNetCore\dist\out-tsc\src\app\app.component.js
C:\Users\Car.Car-PC\source\repos\GestionPrestamosAspNetCore\GestionPrestamosAspNetCore\dist\out-tsc\src\app\app.component.js.map
C:\Users\Car.Car-PC\source\repos\GestionPrestamosAspNetCore\GestionPrestamosAspNetCore\dist\out-tsc\src\app\login\login.component.js
C:\Users\Car.Car-PC\source\repos\GestionPrestamosAspNetCore\GestionPrestamosAspNetCore\dist\out-tsc\src\app\login\login.component.js.map
C:\Users\Car.Car-PC\source\repos\GestionPrestamosAspNetCore\GestionPrestamosAspNetCore\dist\out-tsc\src\app\register\register.service.js
C:\Users\Car.Car-PC\source\repos\GestionPrestamosAspNetCore\GestionPrestamosAspNetCore\dist\out-tsc\src\app\register\register.service.js.map
C:\Users\Car.Car-PC\source\repos\GestionPrestamosAspNetCore\GestionPrestamosAspNetCore\dist\out-tsc\src\app\notificacion\notificacion.service.js
C:\Users\Car.Car-PC\source\repos\GestionPrestamosAspNetCore\GestionPrestamosAspNetCore\dist\out-tsc\src\app\notificacion\notificacion.service.js.map
C:\Users\Car.Car-PC\source\repos\GestionPrestamosAspNetCore\GestionPrestamosAspNetCore\dist\out-tsc\src\app\Fechas\fechas.js
C:\Users\Car.Car-PC\source\repos\GestionPrestamosAspNetCore\GestionPrestamosAspNetCore\dist\out-tsc\src\app\Fechas\fechas.js.map
C:\Users\Car.Car-PC\source\repos\GestionPrestamosAspNetCore\GestionPrestamosAspNetCore\dist\out-tsc\src\app\register\register.component.js
C:\Users\Car.Car-PC\source\repos\GestionPrestamosAspNetCore\GestionPrestamosAspNetCore\dist\out-tsc\src\app\register\register.component.js.map
C:\Users\Car.Car-PC\source\repos\GestionPrestamosAspNetCore\GestionPrestamosAspNetCore\dist\out-tsc\src\app\home\home.component.js
C:\Users\Car.Car-PC\source\repos\GestionPrestamosAspNetCore\GestionPrestamosAspNetCore\dist\out-tsc\src\app\home\home.component.js.map
C:\Users\Car.Car-PC\source\repos\GestionPrestamosAspNetCore\GestionPrestamosAspNetCore\dist\out-tsc\src\app\prestamos\prestamos.js
C:\Users\Car.Car-PC\source\repos\GestionPrestamosAspNetCore\GestionPrestamosAspNetCore\dist\out-tsc\src\app\prestamos\prestamos.js.map
C:\Users\Car.Car-PC\source\repos\GestionPrestamosAspNetCore\GestionPrestamosAspNetCore\dist\out-tsc\src\app\prestamo-cliente\prestamo-cliente.component.js
C:\Users\Car.Car-PC\source\repos\GestionPrestamosAspNetCore\GestionPrestamosAspNetCore\dist\out-tsc\src\app\prestamo-cliente\prestamo-cliente.component.js.map
C:\Users\Car.Car-PC\source\repos\GestionPrestamosAspNetCore\GestionPrestamosAspNetCore\dist\out-tsc\src\app\royter.config.js
C:\Users\Car.Car-PC\source\repos\GestionPrestamosAspNetCore\GestionPrestamosAspNetCore\dist\out-tsc\src\app\royter.config.js.map
C:\Users\Car.Car-PC\source\repos\GestionPrestamosAspNetCore\GestionPrestamosAspNetCore\dist\out-tsc\src\app\menu\menu.component.js
C:\Users\Car.Car-PC\source\repos\GestionPrestamosAspNetCore\GestionPrestamosAspNetCore\dist\out-tsc\src\app\menu\menu.component.js.map
C:\Users\Car.Car-PC\source\repos\GestionPrestamosAspNetCore\GestionPrestamosAspNetCore\dist\out-tsc\src\app\notificacion\notificacion.component.js
C:\Users\Car.Car-PC\source\repos\GestionPrestamosAspNetCore\GestionPrestamosAspNetCore\dist\out-tsc\src\app\notificacion\notificacion.component.js.map
C:\Users\Car.Car-PC\source\repos\GestionPrestamosAspNetCore\GestionPrestamosAspNetCore\dist\out-tsc\src\app\usuario\usuario.component.js
C:\Users\Car.Car-PC\source\repos\GestionPrestamosAspNetCore\GestionPrestamosAspNetCore\dist\out-tsc\src\app\usuario\usuario.component.js.map
C:\Users\Car.Car-PC\source\repos\GestionPrestamosAspNetCore\GestionPrestamosAspNetCore\dist\out-tsc\src\app\app.module.js
C:\Users\Car.Car-PC\source\repos\GestionPrestamosAspNetCore\GestionPrestamosAspNetCore\dist\out-tsc\src\app\app.module.js.map
C:\Users\Car.Car-PC\source\repos\GestionPrestamosAspNetCore\GestionPrestamosAspNetCore\dist\out-tsc\src\environments\environment.js
C:\Users\Car.Car-PC\source\repos\GestionPrestamosAspNetCore\GestionPrestamosAspNetCore\dist\out-tsc\src\environments\environment.js.map
C:\Users\Car.Car-PC\source\repos\GestionPrestamosAspNetCore\GestionPrestamosAspNetCore\dist\out-tsc\src\main.js
C:\Users\Car.Car-PC\source\repos\GestionPrestamosAspNetCore\GestionPrestamosAspNetCore\dist\out-tsc\src\main.js.map
C:\Users\Car.Car-PC\source\repos\GestionPrestamosAspNetCore\GestionPrestamosAspNetCore\dist\out-tsc\src\polyfills.js
C:\Users\Car.Car-PC\source\repos\GestionPrestamosAspNetCore\GestionPrestamosAspNetCore\dist\out-tsc\src\polyfills.js.map
C:\Users\Car.Car-PC\source\repos\GestionPrestamosAspNetCore\GestionPrestamosAspNetCore\dist\out-tsc\src\test.js
C:\Users\Car.Car-PC\source\repos\GestionPrestamosAspNetCore\GestionPrestamosAspNetCore\dist\out-tsc\src\test.js.map
C:\Users\Car.Car-PC\source\repos\GestionPrestamosAspNetCore\GestionPrestamosAspNetCore\dist\out-tsc\e2e\src\app.po.js
C:\Users\Car.Car-PC\source\repos\GestionPrestamosAspNetCore\GestionPrestamosAspNetCore\dist\out-tsc\e2e\src\app.po.js.map
C:\Users\Car.Car-PC\source\repos\GestionPrestamosAspNetCore\GestionPrestamosAspNetCore\dist\out-tsc\e2e\src\app.e2e-spec.js
C:\Users\Car.Car-PC\source\repos\GestionPrestamosAspNetCore\GestionPrestamosAspNetCore\dist\out-tsc\e2e\src\app.e2e-spec.js.map
C:\Users\Car.Car-PC\source\repos\GestionPrestamosAspNetCore\GestionPrestamosAspNetCore\dist\out-tsc\src\app\app.component.spec.js
C:\Users\Car.Car-PC\source\repos\GestionPrestamosAspNetCore\GestionPrestamosAspNetCore\dist\out-tsc\src\app\app.component.spec.js.map
C:\Users\Car.Car-PC\source\repos\GestionPrestamosAspNetCore\GestionPrestamosAspNetCore\dist\out-tsc\src\environments\environment.prod.js
C:\Users\Car.Car-PC\source\repos\GestionPrestamosAspNetCore\GestionPrestamosAspNetCore\dist\out-tsc\src\environments\environment.prod.js.map
C:\Users\Car.Car-PC\source\repos\GestionPrestamosAspNetCore\GestionPrestamosAspNetCore\dist\out-tsc\src\app\home\home.component.spec.js
C:\Users\Car.Car-PC\source\repos\GestionPrestamosAspNetCore\GestionPrestamosAspNetCore\dist\out-tsc\src\app\home\home.component.spec.js.map
C:\Users\Car.Car-PC\source\repos\GestionPrestamosAspNetCore\GestionPrestamosAspNetCore\dist\out-tsc\src\app\login\login.component.spec.js
C:\Users\Car.Car-PC\source\repos\GestionPrestamosAspNetCore\GestionPrestamosAspNetCore\dist\out-tsc\src\app\login\login.component.spec.js.map
C:\Users\Car.Car-PC\source\repos\GestionPrestamosAspNetCore\GestionPrestamosAspNetCore\dist\out-tsc\src\app\menu\menu.component.spec.js
C:\Users\Car.Car-PC\source\repos\GestionPrestamosAspNetCore\GestionPrestamosAspNetCore\dist\out-tsc\src\app\menu\menu.component.spec.js.map
C:\Users\Car.Car-PC\source\repos\GestionPrestamosAspNetCore\GestionPrestamosAspNetCore\dist\out-tsc\src\app\notificacion\notificacion.component.spec.js
C:\Users\Car.Car-PC\source\repos\GestionPrestamosAspNetCore\GestionPrestamosAspNetCore\dist\out-tsc\src\app\notificacion\notificacion.component.spec.js.map
C:\Users\Car.Car-PC\source\repos\GestionPrestamosAspNetCore\GestionPrestamosAspNetCore\dist\out-tsc\src\app\notificacion\notificacion.service.spec.js
C:\Users\Car.Car-PC\source\repos\GestionPrestamosAspNetCore\GestionPrestamosAspNetCore\dist\out-tsc\src\app\notificacion\notificacion.service.spec.js.map
C:\Users\Car.Car-PC\source\repos\GestionPrestamosAspNetCore\GestionPrestamosAspNetCore\dist\out-tsc\src\app\prestamo-cliente\prestamo-cliente.component.spec.js
C:\Users\Car.Car-PC\source\repos\GestionPrestamosAspNetCore\GestionPrestamosAspNetCore\dist\out-tsc\src\app\prestamo-cliente\prestamo-cliente.component.spec.js.map
C:\Users\Car.Car-PC\source\repos\GestionPrestamosAspNetCore\GestionPrestamosAspNetCore\dist\out-tsc\src\app\register\register.component.spec.js
C:\Users\Car.Car-PC\source\repos\GestionPrestamosAspNetCore\GestionPrestamosAspNetCore\dist\out-tsc\src\app\register\register.component.spec.js.map
C:\Users\Car.Car-PC\source\repos\GestionPrestamosAspNetCore\GestionPrestamosAspNetCore\dist\out-tsc\src\app\register\register.service.spec.js
C:\Users\Car.Car-PC\source\repos\GestionPrestamosAspNetCore\GestionPrestamosAspNetCore\dist\out-tsc\src\app\register\register.service.spec.js.map
C:\Users\Car.Car-PC\source\repos\GestionPrestamosAspNetCore\GestionPrestamosAspNetCore\dist\out-tsc\src\app\usuario\usuario.component.spec.js
C:\Users\Car.Car-PC\source\repos\GestionPrestamosAspNetCore\GestionPrestamosAspNetCore\dist\out-tsc\src\app\usuario\usuario.component.spec.js.map
C:\Users\Car.Car-PC\source\repos\GestionPrestamosAspNetCore\GestionPrestamosAspNetCore\dist\out-tsc\src\app\usuario\usuario.service.spec.js
C:\Users\Car.Car-PC\source\repos\GestionPrestamosAspNetCore\GestionPrestamosAspNetCore\dist\out-tsc\src\app\usuario\usuario.service.spec.js.map
